# JRE version: 7.0_09
# Java VM: OpenJDK Client VM (23.2-b09 mixed mode linux-x86 )
Heap
 def new generation   total 69376K, used 10960K [0x848c0000, 0x89400000, 0x8f360000)
  eden space 61696K,  17% used [0x848c0000, 0x85374040, 0x88500000)
  from space 7680K,   0% used [0x88500000, 0x88500000, 0x88c80000)
  to   space 7680K,   0% used [0x88c80000, 0x88c80000, 0x89400000)
 tenured generation   total 153920K, used 92350K [0x8f360000, 0x989b0000, 0xa48c0000)
   the space 153920K,  59% used [0x8f360000, 0x94d8fa50, 0x94d8fc00, 0x989b0000)
 compacting perm gen  total 45568K, used 45351K [0xa48c0000, 0xa7540000, 0xb48c0000)
   the space 45568K,  99% used [0xa48c0000, 0xa7509ef0, 0xa750a000, 0xa7540000)
GC Heap History (10 events):
Event: 132.295 GC heap before
{Heap before GC invocations=193 (full 12):
 def new generation   total 38336K, used 36766K [0x848c0000, 0x87250000, 0x8f360000)
  eden space 34112K, 100% used [0x848c0000, 0x86a10000, 0x86a10000)
  from space 4224K,  62% used [0x86e30000, 0x870c7ac8, 0x87250000)
  to   space 4224K,   0% used [0x86a10000, 0x86a10000, 0x86e30000)
 tenured generation   total 84932K, used 82210K [0x8f360000, 0x94651000, 0xa48c0000)
   the space 84932K,  96% used [0x8f360000, 0x943a8b90, 0x943a8c00, 0x94651000)
 compacting perm gen  total 36608K, used 36544K [0xa48c0000, 0xa6c80000, 0xb48c0000)
   the space 36608K,  99% used [0xa48c0000, 0xa6c70178, 0xa6c70200, 0xa6c80000)
No shared spaces configured.
Event: 132.303 GC heap after
Heap after GC invocations=194 (full 12):
 def new generation   total 38336K, used 4063K [0x848c0000, 0x87250000, 0x8f360000)
  eden space 34112K,   0% used [0x848c0000, 0x848c0000, 0x86a10000)
  from space 4224K,  96% used [0x86a10000, 0x86e07f20, 0x86e30000)
  to   space 4224K,   0% used [0x86e30000, 0x86e30000, 0x87250000)
 tenured generation   total 84932K, used 82759K [0x8f360000, 0x94651000, 0xa48c0000)
   the space 84932K,  97% used [0x8f360000, 0x94431f08, 0x94432000, 0x94651000)
 compacting perm gen  total 36608K, used 36544K [0xa48c0000, 0xa6c80000, 0xb48c0000)
   the space 36608K,  99% used [0xa48c0000, 0xa6c70178, 0xa6c70200, 0xa6c80000)
No shared spaces configured.
}
Event: 145.012 GC heap before
{Heap before GC invocations=194 (full 12):
 def new generation   total 38336K, used 38175K [0x848c0000, 0x87250000, 0x8f360000)
  eden space 34112K, 100% used [0x848c0000, 0x86a10000, 0x86a10000)
  from space 4224K,  96% used [0x86a10000, 0x86e07f20, 0x86e30000)
  to   space 4224K,   0% used [0x86e30000, 0x86e30000, 0x87250000)
 tenured generation   total 84932K, used 82759K [0x8f360000, 0x94651000, 0xa48c0000)
   the space 84932K,  97% used [0x8f360000, 0x94431f08, 0x94432000, 0x94651000)
 compacting perm gen  total 36608K, used 36545K [0xa48c0000, 0xa6c80000, 0xb48c0000)
   the space 36608K,  99% used [0xa48c0000, 0xa6c704f0, 0xa6c70600, 0xa6c80000)
No shared spaces configured.
Event: 145.128 GC heap after
Heap after GC invocations=195 (full 13):
 def new generation   total 55872K, used 0K [0x848c0000, 0x88550000, 0x8f360000)
  eden space 49728K,   0% used [0x848c0000, 0x848c0000, 0x87950000)
  from space 6144K,   0% used [0x87950000, 0x87950000, 0x87f50000)
  to   space 6144K,   0% used [0x87f50000, 0x87f50000, 0x88550000)
 tenured generation   total 123888K, used 74331K [0x8f360000, 0x96c5c000, 0xa48c0000)
   the space 123888K,  59% used [0x8f360000, 0x93bf6e58, 0x93bf7000, 0x96c5c000)
 compacting perm gen  total 36608K, used 36545K [0xa48c0000, 0xa6c80000, 0xb48c0000)
   the space 36608K,  99% used [0xa48c0000, 0xa6c704f0, 0xa6c70600, 0xa6c80000)
No shared spaces configured.
}
Event: 149.607 GC heap before
{Heap before GC invocations=195 (full 13):
 def new generation   total 55872K, used 49728K [0x848c0000, 0x88550000, 0x8f360000)
  eden space 49728K, 100% used [0x848c0000, 0x87950000, 0x87950000)
  from space 6144K,   0% used [0x87950000, 0x87950000, 0x87f50000)
  to   space 6144K,   0% used [0x87f50000, 0x87f50000, 0x88550000)
 tenured generation   total 123888K, used 74331K [0x8f360000, 0x96c5c000, 0xa48c0000)
   the space 123888K,  59% used [0x8f360000, 0x93bf6e58, 0x93bf7000, 0x96c5c000)
 compacting perm gen  total 40192K, used 39944K [0xa48c0000, 0xa7000000, 0xb48c0000)
   the space 40192K,  99% used [0xa48c0000, 0xa6fc20d8, 0xa6fc2200, 0xa7000000)
No shared spaces configured.
Event: 149.628 GC heap after
Heap after GC invocations=196 (full 13):
 def new generation   total 55872K, used 6144K [0x848c0000, 0x88550000, 0x8f360000)
  eden space 49728K,   0% used [0x848c0000, 0x848c0000, 0x87950000)
  from space 6144K, 100% used [0x87f50000, 0x88550000, 0x88550000)
  to   space 6144K,   0% used [0x87950000, 0x87950000, 0x87f50000)
 tenured generation   total 123888K, used 78036K [0x8f360000, 0x96c5c000, 0xa48c0000)
   the space 123888K,  62% used [0x8f360000, 0x93f95018, 0x93f95200, 0x96c5c000)
 compacting perm gen  total 40192K, used 39944K [0xa48c0000, 0xa7000000, 0xb48c0000)
   the space 40192K,  99% used [0xa48c0000, 0xa6fc20d8, 0xa6fc2200, 0xa7000000)
No shared spaces configured.
}
Event: 163.276 GC heap before
{Heap before GC invocations=196 (full 13):
 def new generation   total 55872K, used 41289K [0x848c0000, 0x88550000, 0x8f360000)
  eden space 49728K,  70% used [0x848c0000, 0x86b12770, 0x87950000)
  from space 6144K, 100% used [0x87f50000, 0x88550000, 0x88550000)
  to   space 6144K,   0% used [0x87950000, 0x87950000, 0x87f50000)
 tenured generation   total 123888K, used 78036K [0x8f360000, 0x96c5c000, 0xa48c0000)
   the space 123888K,  62% used [0x8f360000, 0x93f95018, 0x93f95200, 0x96c5c000)
 compacting perm gen  total 40704K, used 40702K [0xa48c0000, 0xa7080000, 0xb48c0000)
   the space 40704K,  99% used [0xa48c0000, 0xa707fac8, 0xa707fc00, 0xa7080000)
No shared spaces configured.
Event: 163.398 GC heap after
Heap after GC invocations=197 (full 14):
 def new generation   total 62656K, used 0K [0x848c0000, 0x88cb0000, 0x8f360000)
  eden space 55744K,   0% used [0x848c0000, 0x848c0000, 0x87f30000)
  from space 6912K,   0% used [0x87f30000, 0x87f30000, 0x885f0000)
  to   space 6912K,   0% used [0x885f0000, 0x885f0000, 0x88cb0000)
 tenured generation   total 138960K, used 83374K [0x8f360000, 0x97b14000, 0xa48c0000)
   the space 138960K,  59% used [0x8f360000, 0x944cbb50, 0x944cbc00, 0x97b14000)
 compacting perm gen  total 40704K, used 40702K [0xa48c0000, 0xa7080000, 0xb48c0000)
   the space 40704K,  99% used [0xa48c0000, 0xa707fac8, 0xa707fc00, 0xa7080000)
No shared spaces configured.
}
Event: 254.636 GC heap before
{Heap before GC invocations=197 (full 14):
 def new generation   total 62656K, used 44136K [0x848c0000, 0x88cb0000, 0x8f360000)
  eden space 55744K,  79% used [0x848c0000, 0x873da118, 0x87f30000)
  from space 6912K,   0% used [0x87f30000, 0x87f30000, 0x885f0000)
  to   space 6912K,   0% used [0x885f0000, 0x885f0000, 0x88cb0000)
 tenured generation   total 138960K, used 83374K [0x8f360000, 0x97b14000, 0xa48c0000)
   the space 138960K,  59% used [0x8f360000, 0x944cbb50, 0x944cbc00, 0x97b14000)
 compacting perm gen  total 44800K, used 44799K [0xa48c0000, 0xa7480000, 0xb48c0000)
   the space 44800K,  99% used [0xa48c0000, 0xa747ff28, 0xa7480000, 0xa7480000)
No shared spaces configured.
Event: 254.768 GC heap after
Heap after GC invocations=198 (full 15):
 def new generation   total 69376K, used 0K [0x848c0000, 0x89400000, 0x8f360000)
  eden space 61696K,   0% used [0x848c0000, 0x848c0000, 0x88500000)
  from space 7680K,   0% used [0x88500000, 0x88500000, 0x88c80000)
  to   space 7680K,   0% used [0x88c80000, 0x88c80000, 0x89400000)
 tenured generation   total 153920K, used 92350K [0x8f360000, 0x989b0000, 0xa48c0000)
   the space 153920K,  59% used [0x8f360000, 0x94d8fa50, 0x94d8fc00, 0x989b0000)
 compacting perm gen  total 44800K, used 44799K [0xa48c0000, 0xa7480000, 0xb48c0000)
   the space 44800K,  99% used [0xa48c0000, 0xa747ff28, 0xa7480000, 0xa7480000)
No shared spaces configured.
}

